# JRE version: OpenJDK Runtime Environment Temurin-21.0.9+10 (21.0.9+10) (build 21.0.9+10-LTS)
# Java VM: OpenJDK 64-Bit Server VM Temurin-21.0.9+10 (21.0.9+10-LTS, mixed mode, sharing, tiered, compressed oops, compressed class ptrs, parallel gc, windows-amd64)
GC Precious Log:
 CardTable entry size: 512
 CPUs: 8 total, 8 available
 Memory: 12030M
 Large Page Support: Disabled
 NUMA Support: Disabled
 Compressed Oops: Enabled (32-bit)
 Alignments: Space 512K, Generation 512K, Heap 2M
 Heap Min Capacity: 100M
 Heap Initial Capacity: 100M
 Heap Max Capacity: 2G
 Pre-touch: Disabled
 Parallel Workers: 8
Heap:
 PSYoungGen      total 5632K, used 1918K [0x00000000d5580000, 0x00000000d5d00000, 0x0000000100000000)
  eden space 4608K, 36% used [0x00000000d5580000,0x00000000d5722748,0x00000000d5a00000)
  from space 1024K, 23% used [0x00000000d5b00000,0x00000000d5b3d200,0x00000000d5c00000)
  to   space 512K, 0% used [0x00000000d5c80000,0x00000000d5c80000,0x00000000d5d00000)
 ParOldGen       total 1175040K, used 1174625K [0x0000000080000000, 0x00000000c7b80000, 0x00000000d5580000)
  object space 1175040K, 99% used [0x0000000080000000,0x00000000c7b18760,0x00000000c7b80000)
 Metaspace       used 78220K, committed 79808K, reserved 1179648K
  class space    used 8330K, committed 9024K, reserved 1048576K
GC Heap History (20 events):
Event: 938.011 GC heap before
{Heap before GC invocations=1561 (full 3):
 PSYoungGen      total 2560K, used 2125K [0x00000000d5580000, 0x00000000d5d00000, 0x0000000100000000)
  eden space 1024K, 100% used [0x00000000d5580000,0x00000000d5680000,0x00000000d5680000)
  from space 1536K, 71% used [0x00000000d5680000,0x00000000d5793438,0x00000000d5800000)
  to   space 2560K, 0% used [0x00000000d5a80000,0x00000000d5a80000,0x00000000d5d00000)
 ParOldGen       total 1160192K, used 1160066K [0x0000000080000000, 0x00000000c6d00000, 0x00000000d5580000)
  object space 1160192K, 99% used [0x0000000080000000,0x00000000c6ce0ab0,0x00000000c6d00000)
 Metaspace       used 78168K, committed 79744K, reserved 1179648K
  class space    used 8330K, committed 9024K, reserved 1048576K
}
Event: 938.014 GC heap after
{Heap after GC invocations=1561 (full 3):
 PSYoungGen      total 3072K, used 1088K [0x00000000d5580000, 0x00000000d5c00000, 0x0000000100000000)
  eden space 1536K, 0% used [0x00000000d5580000,0x00000000d5580000,0x00000000d5700000)
  from space 1536K, 70% used [0x00000000d5a80000,0x00000000d5b90398,0x00000000d5c00000)
  to   space 1536K, 0% used [0x00000000d5900000,0x00000000d5900000,0x00000000d5a80000)
 ParOldGen       total 1161216K, used 1161059K [0x0000000080000000, 0x00000000c6e00000, 0x00000000d5580000)
  object space 1161216K, 99% used [0x0000000080000000,0x00000000c6dd8f70,0x00000000c6e00000)
 Metaspace       used 78168K, committed 79744K, reserved 1179648K
  class space    used 8330K, committed 9024K, reserved 1048576K
}
Event: 938.031 GC heap before
{Heap before GC invocations=1562 (full 3):
 PSYoungGen      total 3072K, used 2618K [0x00000000d5580000, 0x00000000d5c00000, 0x0000000100000000)
  eden space 1536K, 99% used [0x00000000d5580000,0x00000000d56fe828,0x00000000d5700000)
  from space 1536K, 70% used [0x00000000d5a80000,0x00000000d5b90398,0x00000000d5c00000)
  to   space 1536K, 0% used [0x00000000d5900000,0x00000000d5900000,0x00000000d5a80000)
 ParOldGen       total 1161216K, used 1161059K [0x0000000080000000, 0x00000000c6e00000, 0x00000000d5580000)
  object space 1161216K, 99% used [0x0000000080000000,0x00000000c6dd8f70,0x00000000c6e00000)
 Metaspace       used 78168K, committed 79744K, reserved 1179648K
  class space    used 8330K, committed 9024K, reserved 1048576K
}
Event: 938.036 GC heap after
{Heap after GC invocations=1562 (full 3):
 PSYoungGen      total 3584K, used 1512K [0x00000000d5580000, 0x00000000d5d80000, 0x0000000100000000)
  eden space 2048K, 0% used [0x00000000d5580000,0x00000000d5580000,0x00000000d5780000)
  from space 1536K, 98% used [0x00000000d5900000,0x00000000d5a7a2a0,0x00000000d5a80000)
  to   space 3072K, 0% used [0x00000000d5a80000,0x00000000d5a80000,0x00000000d5d80000)
 ParOldGen       total 1162240K, used 1162125K [0x0000000080000000, 0x00000000c6f00000, 0x00000000d5580000)
  object space 1162240K, 99% used [0x0000000080000000,0x00000000c6ee3770,0x00000000c6f00000)
 Metaspace       used 78168K, committed 79744K, reserved 1179648K
  class space    used 8330K, committed 9024K, reserved 1048576K
}
Event: 938.041 GC heap before
{Heap before GC invocations=1563 (full 3):
 PSYoungGen      total 3584K, used 3560K [0x00000000d5580000, 0x00000000d5d80000, 0x0000000100000000)
  eden space 2048K, 100% used [0x00000000d5580000,0x00000000d5780000,0x00000000d5780000)
  from space 1536K, 98% used [0x00000000d5900000,0x00000000d5a7a2a0,0x00000000d5a80000)
  to   space 3072K, 0% used [0x00000000d5a80000,0x00000000d5a80000,0x00000000d5d80000)
 ParOldGen       total 1162240K, used 1162125K [0x0000000080000000, 0x00000000c6f00000, 0x00000000d5580000)
  object space 1162240K, 99% used [0x0000000080000000,0x00000000c6ee3770,0x00000000c6f00000)
 Metaspace       used 78168K, committed 79744K, reserved 1179648K
  class space    used 8330K, committed 9024K, reserved 1048576K
}
Event: 938.056 GC heap after
{Heap after GC invocations=1563 (full 3):
 PSYoungGen      total 5120K, used 2141K [0x00000000d5580000, 0x00000000d5d00000, 0x0000000100000000)
  eden space 2560K, 0% used [0x00000000d5580000,0x00000000d5580000,0x00000000d5800000)
  from space 2560K, 83% used [0x00000000d5a80000,0x00000000d5c97568,0x00000000d5d00000)
  to   space 2560K, 0% used [0x00000000d5800000,0x00000000d5800000,0x00000000d5a80000)
 ParOldGen       total 1163776K, used 1163588K [0x0000000080000000, 0x00000000c7080000, 0x00000000d5580000)
  object space 1163776K, 99% used [0x0000000080000000,0x00000000c7051080,0x00000000c7080000)
 Metaspace       used 78168K, committed 79744K, reserved 1179648K
  class space    used 8330K, committed 9024K, reserved 1048576K
}
Event: 938.062 GC heap before
{Heap before GC invocations=1564 (full 3):
 PSYoungGen      total 5120K, used 4673K [0x00000000d5580000, 0x00000000d5d00000, 0x0000000100000000)
  eden space 2560K, 98% used [0x00000000d5580000,0x00000000d57f8f88,0x00000000d5800000)
  from space 2560K, 83% used [0x00000000d5a80000,0x00000000d5c97568,0x00000000d5d00000)
  to   space 2560K, 0% used [0x00000000d5800000,0x00000000d5800000,0x00000000d5a80000)
 ParOldGen       total 1163776K, used 1163588K [0x0000000080000000, 0x00000000c7080000, 0x00000000d5580000)
  object space 1163776K, 99% used [0x0000000080000000,0x00000000c7051080,0x00000000c7080000)
 Metaspace       used 78168K, committed 79744K, reserved 1179648K
  class space    used 8330K, committed 9024K, reserved 1048576K
}
Event: 938.066 GC heap after
{Heap after GC invocations=1564 (full 3):
 PSYoungGen      total 5120K, used 2549K [0x00000000d5580000, 0x00000000d6280000, 0x0000000100000000)
  eden space 2560K, 0% used [0x00000000d5580000,0x00000000d5580000,0x00000000d5800000)
  from space 2560K, 99% used [0x00000000d5800000,0x00000000d5a7d6c0,0x00000000d5a80000)
  to   space 5120K, 0% used [0x00000000d5d80000,0x00000000d5d80000,0x00000000d6280000)
 ParOldGen       total 1165824K, used 1165637K [0x0000000080000000, 0x00000000c7280000, 0x00000000d5580000)
  object space 1165824K, 99% used [0x0000000080000000,0x00000000c7251668,0x00000000c7280000)
 Metaspace       used 78168K, committed 79744K, reserved 1179648K
  class space    used 8330K, committed 9024K, reserved 1048576K
}
Event: 938.087 GC heap before
{Heap before GC invocations=1565 (full 3):
 PSYoungGen      total 5120K, used 5109K [0x00000000d5580000, 0x00000000d6280000, 0x0000000100000000)
  eden space 2560K, 100% used [0x00000000d5580000,0x00000000d5800000,0x00000000d5800000)
  from space 2560K, 99% used [0x00000000d5800000,0x00000000d5a7d6c0,0x00000000d5a80000)
  to   space 5120K, 0% used [0x00000000d5d80000,0x00000000d5d80000,0x00000000d6280000)
 ParOldGen       total 1165824K, used 1165637K [0x0000000080000000, 0x00000000c7280000, 0x00000000d5580000)
  object space 1165824K, 99% used [0x0000000080000000,0x00000000c7251668,0x00000000c7280000)
 Metaspace       used 78171K, committed 79744K, reserved 1179648K
  class space    used 8330K, committed 9024K, reserved 1048576K
}
Event: 938.091 GC heap after
{Heap after GC invocations=1565 (full 3):
 PSYoungGen      total 5632K, used 2364K [0x00000000d5580000, 0x00000000d6000000, 0x0000000100000000)
  eden space 3072K, 0% used [0x00000000d5580000,0x00000000d5580000,0x00000000d5880000)
  from space 2560K, 92% used [0x00000000d5d80000,0x00000000d5fcf1a0,0x00000000d6000000)
  to   space 3584K, 0% used [0x00000000d5900000,0x00000000d5900000,0x00000000d5c80000)
 ParOldGen       total 1168384K, used 1168129K [0x0000000080000000, 0x00000000c7500000, 0x00000000d5580000)
  object space 1168384K, 99% used [0x0000000080000000,0x00000000c74c0520,0x00000000c7500000)
 Metaspace       used 78171K, committed 79744K, reserved 1179648K
  class space    used 8330K, committed 9024K, reserved 1048576K
}
Event: 938.116 GC heap before
{Heap before GC invocations=1566 (full 3):
 PSYoungGen      total 5632K, used 5160K [0x00000000d5580000, 0x00000000d6000000, 0x0000000100000000)
  eden space 3072K, 91% used [0x00000000d5580000,0x00000000d583ae70,0x00000000d5880000)
  from space 2560K, 92% used [0x00000000d5d80000,0x00000000d5fcf1a0,0x00000000d6000000)
  to   space 3584K, 0% used [0x00000000d5900000,0x00000000d5900000,0x00000000d5c80000)
 ParOldGen       total 1168384K, used 1168129K [0x0000000080000000, 0x00000000c7500000, 0x00000000d5580000)
  object space 1168384K, 99% used [0x0000000080000000,0x00000000c74c0520,0x00000000c7500000)
 Metaspace       used 78176K, committed 79744K, reserved 1179648K
  class space    used 8330K, committed 9024K, reserved 1048576K
}
Event: 938.119 GC heap after
{Heap after GC invocations=1566 (full 3):
 PSYoungGen      total 6144K, used 2272K [0x00000000d5580000, 0x00000000d5e80000, 0x0000000100000000)
  eden space 3584K, 0% used [0x00000000d5580000,0x00000000d5580000,0x00000000d5900000)
  from space 2560K, 88% used [0x00000000d5900000,0x00000000d5b38000,0x00000000d5b80000)
  to   space 2560K, 0% used [0x00000000d5c00000,0x00000000d5c00000,0x00000000d5e80000)
 ParOldGen       total 1170432K, used 1170145K [0x0000000080000000, 0x00000000c7700000, 0x00000000d5580000)
  object space 1170432K, 99% used [0x0000000080000000,0x00000000c76b8520,0x00000000c7700000)
 Metaspace       used 78176K, committed 79744K, reserved 1179648K
  class space    used 8330K, committed 9024K, reserved 1048576K
}
Event: 938.150 GC heap before
{Heap before GC invocations=1567 (full 3):
 PSYoungGen      total 6144K, used 5278K [0x00000000d5580000, 0x00000000d5e80000, 0x0000000100000000)
  eden space 3584K, 83% used [0x00000000d5580000,0x00000000d586fa80,0x00000000d5900000)
  from space 2560K, 88% used [0x00000000d5900000,0x00000000d5b38000,0x00000000d5b80000)
  to   space 2560K, 0% used [0x00000000d5c00000,0x00000000d5c00000,0x00000000d5e80000)
 ParOldGen       total 1170432K, used 1170145K [0x0000000080000000, 0x00000000c7700000, 0x00000000d5580000)
  object space 1170432K, 99% used [0x0000000080000000,0x00000000c76b8520,0x00000000c7700000)
 Metaspace       used 78180K, committed 79744K, reserved 1179648K
  class space    used 8330K, committed 9024K, reserved 1048576K
}
Event: 938.170 GC heap after
{Heap after GC invocations=1567 (full 3):
 PSYoungGen      total 6656K, used 1776K [0x00000000d5580000, 0x00000000d5e00000, 0x0000000100000000)
  eden space 4608K, 0% used [0x00000000d5580000,0x00000000d5580000,0x00000000d5a00000)
  from space 2048K, 86% used [0x00000000d5c00000,0x00000000d5dbc000,0x00000000d5e00000)
  to   space 2048K, 0% used [0x00000000d5a00000,0x00000000d5a00000,0x00000000d5c00000)
 ParOldGen       total 1172480K, used 1172013K [0x0000000080000000, 0x00000000c7900000, 0x00000000d5580000)
  object space 1172480K, 99% used [0x0000000080000000,0x00000000c788b530,0x00000000c7900000)
 Metaspace       used 78180K, committed 79744K, reserved 1179648K
  class space    used 8330K, committed 9024K, reserved 1048576K
}
Event: 938.276 GC heap before
{Heap before GC invocations=1568 (full 3):
 PSYoungGen      total 6656K, used 6384K [0x00000000d5580000, 0x00000000d5e00000, 0x0000000100000000)
  eden space 4608K, 100% used [0x00000000d5580000,0x00000000d5a00000,0x00000000d5a00000)
  from space 2048K, 86% used [0x00000000d5c00000,0x00000000d5dbc000,0x00000000d5e00000)
  to   space 2048K, 0% used [0x00000000d5a00000,0x00000000d5a00000,0x00000000d5c00000)
 ParOldGen       total 1172480K, used 1172013K [0x0000000080000000, 0x00000000c7900000, 0x00000000d5580000)
  object space 1172480K, 99% used [0x0000000080000000,0x00000000c788b530,0x00000000c7900000)
 Metaspace       used 78188K, committed 79744K, reserved 1179648K
  class space    used 8330K, committed 9024K, reserved 1048576K
}
Event: 938.280 GC heap after
{Heap after GC invocations=1568 (full 3):
 PSYoungGen      total 6656K, used 1172K [0x00000000d5580000, 0x00000000d5e00000, 0x0000000100000000)
  eden space 4608K, 0% used [0x00000000d5580000,0x00000000d5580000,0x00000000d5a00000)
  from space 2048K, 57% used [0x00000000d5a00000,0x00000000d5b25200,0x00000000d5c00000)
  to   space 1536K, 0% used [0x00000000d5c80000,0x00000000d5c80000,0x00000000d5e00000)
 ParOldGen       total 1173504K, used 1173317K [0x0000000080000000, 0x00000000c7a00000, 0x00000000d5580000)
  object space 1173504K, 99% used [0x0000000080000000,0x00000000c79d1530,0x00000000c7a00000)
 Metaspace       used 78188K, committed 79744K, reserved 1179648K
  class space    used 8330K, committed 9024K, reserved 1048576K
}
Event: 938.813 GC heap before
{Heap before GC invocations=1569 (full 3):
 PSYoungGen      total 6656K, used 5780K [0x00000000d5580000, 0x00000000d5e00000, 0x0000000100000000)
  eden space 4608K, 100% used [0x00000000d5580000,0x00000000d5a00000,0x00000000d5a00000)
  from space 2048K, 57% used [0x00000000d5a00000,0x00000000d5b25200,0x00000000d5c00000)
  to   space 1536K, 0% used [0x00000000d5c80000,0x00000000d5c80000,0x00000000d5e00000)
 ParOldGen       total 1173504K, used 1173317K [0x0000000080000000, 0x00000000c7a00000, 0x00000000d5580000)
  object space 1173504K, 99% used [0x0000000080000000,0x00000000c79d1530,0x00000000c7a00000)
 Metaspace       used 78193K, committed 79808K, reserved 1179648K
  class space    used 8330K, committed 9024K, reserved 1048576K
}
Event: 938.817 GC heap after
{Heap after GC invocations=1569 (full 3):
 PSYoungGen      total 5120K, used 474K [0x00000000d5580000, 0x00000000d5d00000, 0x0000000100000000)
  eden space 4608K, 0% used [0x00000000d5580000,0x00000000d5580000,0x00000000d5a00000)
  from space 512K, 92% used [0x00000000d5c80000,0x00000000d5cf6920,0x00000000d5d00000)
  to   space 1024K, 0% used [0x00000000d5b00000,0x00000000d5b00000,0x00000000d5c00000)
 ParOldGen       total 1174528K, used 1174261K [0x0000000080000000, 0x00000000c7b00000, 0x00000000d5580000)
  object space 1174528K, 99% used [0x0000000080000000,0x00000000c7abd530,0x00000000c7b00000)
 Metaspace       used 78193K, committed 79808K, reserved 1179648K
  class space    used 8330K, committed 9024K, reserved 1048576K
}
Event: 939.275 GC heap before
{Heap before GC invocations=1570 (full 3):
 PSYoungGen      total 5120K, used 5082K [0x00000000d5580000, 0x00000000d5d00000, 0x0000000100000000)
  eden space 4608K, 100% used [0x00000000d5580000,0x00000000d5a00000,0x00000000d5a00000)
  from space 512K, 92% used [0x00000000d5c80000,0x00000000d5cf6920,0x00000000d5d00000)
  to   space 1024K, 0% used [0x00000000d5b00000,0x00000000d5b00000,0x00000000d5c00000)
 ParOldGen       total 1174528K, used 1174261K [0x0000000080000000, 0x00000000c7b00000, 0x00000000d5580000)
  object space 1174528K, 99% used [0x0000000080000000,0x00000000c7abd530,0x00000000c7b00000)
 Metaspace       used 78203K, committed 79808K, reserved 1179648K
  class space    used 8330K, committed 9024K, reserved 1048576K
}
Event: 939.279 GC heap after
{Heap after GC invocations=1570 (full 3):
 PSYoungGen      total 5632K, used 244K [0x00000000d5580000, 0x00000000d5d00000, 0x0000000100000000)
  eden space 4608K, 0% used [0x00000000d5580000,0x00000000d5580000,0x00000000d5a00000)
  from space 1024K, 23% used [0x00000000d5b00000,0x00000000d5b3d200,0x00000000d5c00000)
  to   space 512K, 0% used [0x00000000d5c80000,0x00000000d5c80000,0x00000000d5d00000)
 ParOldGen       total 1175040K, used 1174625K [0x0000000080000000, 0x00000000c7b80000, 0x00000000d5580000)
  object space 1175040K, 99% used [0x0000000080000000,0x00000000c7b18760,0x00000000c7b80000)
 Metaspace       used 78203K, committed 79808K, reserved 1179648K
  class space    used 8330K, committed 9024K, reserved 1048576K
}

